<?xml version="1.0" encoding="UTF-8"?>
<testng-results ignored="0" total="1" passed="1" failed="0" skipped="0">
  <reporter-output>
  </reporter-output>
  <suite started-at="2022-05-26T13:31:02 IST" name="Default suite" finished-at="2022-05-26T13:32:12 IST" duration-ms="69877">
    <groups>
    </groups>
    <test started-at="2022-05-26T13:31:02 IST" name="Default test" finished-at="2022-05-26T13:32:12 IST" duration-ms="69877">
      <class name="TestCases.verifysignup">
        <test-method is-config="true" signature="launchBrowser()[pri:0, instance:TestCases.verifysignup@306e95ec]" started-at="2022-05-26T13:31:02 IST" name="launchBrowser" finished-at="2022-05-26T13:31:52 IST" duration-ms="49608" status="PASS">
          <reporter-output>
          </reporter-output>
        </test-method> <!-- launchBrowser -->
        <test-method signature="signUpdata()[pri:0, instance:TestCases.verifysignup@306e95ec]" started-at="2022-05-26T13:31:52 IST" name="signUpdata" finished-at="2022-05-26T13:32:12 IST" duration-ms="20061" status="PASS">
          <reporter-output>
          </reporter-output>
        </test-method> <!-- signUpdata -->
      </class> <!-- TestCases.verifysignup -->
    </test> <!-- Default test -->
  </suite> <!-- Default suite -->
</testng-results>
